<?xml version="1.0" encoding="UTF-8"?>
<testsuite xmlns:xsi="http://www.w3.org/2001/XMLSchema-instance" xsi:noNamespaceSchemaLocation="https://maven.apache.org/surefire/maven-surefire-plugin/xsd/surefire-test-report-3.0.xsd" version="3.0" name="com.example.educationmanagementsystem.EducationManagementSystemApplicationTests" time="5.358" tests="1" errors="0" skipped="0" failures="0">
  <properties>
    <property name="java.specification.version" value="23"/>
    <property name="sun.cpu.isalist" value="amd64"/>
    <property name="sun.jnu.encoding" value="UTF-8"/>
    <property name="java.class.path" value="C:\Users\JAM\IdeaProjects\EducationManagementSystem\target\test-classes;C:\Users\JAM\IdeaProjects\EducationManagementSystem\target\classes;C:\Users\JAM\.m2\repository\org\springframework\boot\spring-boot-starter-web\3.3.1\spring-boot-starter-web-3.3.1.jar;C:\Users\JAM\.m2\repository\org\springframework\boot\spring-boot-starter\3.3.1\spring-boot-starter-3.3.1.jar;C:\Users\JAM\.m2\repository\org\springframework\boot\spring-boot\3.3.1\spring-boot-3.3.1.jar;C:\Users\JAM\.m2\repository\org\springframework\boot\spring-boot-starter-logging\3.3.1\spring-boot-starter-logging-3.3.1.jar;C:\Users\JAM\.m2\repository\ch\qos\logback\logback-classic\1.5.6\logback-classic-1.5.6.jar;C:\Users\JAM\.m2\repository\ch\qos\logback\logback-core\1.5.6\logback-core-1.5.6.jar;C:\Users\JAM\.m2\repository\org\apache\logging\log4j\log4j-to-slf4j\2.23.1\log4j-to-slf4j-2.23.1.jar;C:\Users\JAM\.m2\repository\org\apache\logging\log4j\log4j-api\2.23.1\log4j-api-2.23.1.jar;C:\Users\JAM\.m2\repository\org\slf4j\jul-to-slf4j\2.0.13\jul-to-slf4j-2.0.13.jar;C:\Users\JAM\.m2\repository\jakarta\annotation\jakarta.annotation-api\2.1.1\jakarta.annotation-api-2.1.1.jar;C:\Users\JAM\.m2\repository\org\yaml\snakeyaml\2.2\snakeyaml-2.2.jar;C:\Users\JAM\.m2\repository\org\springframework\boot\spring-boot-starter-json\3.3.1\spring-boot-starter-json-3.3.1.jar;C:\Users\JAM\.m2\repository\com\fasterxml\jackson\datatype\jackson-datatype-jdk8\2.17.1\jackson-datatype-jdk8-2.17.1.jar;C:\Users\JAM\.m2\repository\com\fasterxml\jackson\datatype\jackson-datatype-jsr310\2.17.1\jackson-datatype-jsr310-2.17.1.jar;C:\Users\JAM\.m2\repository\com\fasterxml\jackson\module\jackson-module-parameter-names\2.17.1\jackson-module-parameter-names-2.17.1.jar;C:\Users\JAM\.m2\repository\org\springframework\boot\spring-boot-starter-tomcat\3.3.1\spring-boot-starter-tomcat-3.3.1.jar;C:\Users\JAM\.m2\repository\org\apache\tomcat\embed\tomcat-embed-core\10.1.25\tomcat-embed-core-10.1.25.jar;C:\Users\JAM\.m2\repository\org\apache\tomcat\embed\tomcat-embed-el\10.1.25\tomcat-embed-el-10.1.25.jar;C:\Users\JAM\.m2\repository\org\apache\tomcat\embed\tomcat-embed-websocket\10.1.25\tomcat-embed-websocket-10.1.25.jar;C:\Users\JAM\.m2\repository\org\springframework\spring-web\6.1.10\spring-web-6.1.10.jar;C:\Users\JAM\.m2\repository\org\springframework\spring-beans\6.1.10\spring-beans-6.1.10.jar;C:\Users\JAM\.m2\repository\io\micrometer\micrometer-observation\1.13.1\micrometer-observation-1.13.1.jar;C:\Users\JAM\.m2\repository\io\micrometer\micrometer-commons\1.13.1\micrometer-commons-1.13.1.jar;C:\Users\JAM\.m2\repository\org\springframework\spring-webmvc\6.1.10\spring-webmvc-6.1.10.jar;C:\Users\JAM\.m2\repository\org\springframework\spring-context\6.1.10\spring-context-6.1.10.jar;C:\Users\JAM\.m2\repository\org\springframework\spring-expression\6.1.10\spring-expression-6.1.10.jar;C:\Users\JAM\.m2\repository\org\springframework\boot\spring-boot-starter-security\3.3.1\spring-boot-starter-security-3.3.1.jar;C:\Users\JAM\.m2\repository\org\springframework\spring-aop\6.1.10\spring-aop-6.1.10.jar;C:\Users\JAM\.m2\repository\org\springframework\security\spring-security-config\6.3.1\spring-security-config-6.3.1.jar;C:\Users\JAM\.m2\repository\org\springframework\security\spring-security-core\6.3.1\spring-security-core-6.3.1.jar;C:\Users\JAM\.m2\repository\org\springframework\security\spring-security-crypto\6.3.1\spring-security-crypto-6.3.1.jar;C:\Users\JAM\.m2\repository\org\springframework\security\spring-security-web\6.3.1\spring-security-web-6.3.1.jar;C:\Users\JAM\.m2\repository\com\mysql\mysql-connector-j\8.3.0\mysql-connector-j-8.3.0.jar;C:\Users\JAM\.m2\repository\org\projectlombok\lombok\1.18.32\lombok-1.18.32.jar;C:\Users\JAM\.m2\repository\org\springframework\boot\spring-boot-starter-test\3.3.1\spring-boot-starter-test-3.3.1.jar;C:\Users\JAM\.m2\repository\org\springframework\boot\spring-boot-test\3.3.1\spring-boot-test-3.3.1.jar;C:\Users\JAM\.m2\repository\org\springframework\boot\spring-boot-test-autoconfigure\3.3.1\spring-boot-test-autoconfigure-3.3.1.jar;C:\Users\JAM\.m2\repository\com\jayway\jsonpath\json-path\2.9.0\json-path-2.9.0.jar;C:\Users\JAM\.m2\repository\jakarta\xml\bind\jakarta.xml.bind-api\4.0.2\jakarta.xml.bind-api-4.0.2.jar;C:\Users\JAM\.m2\repository\jakarta\activation\jakarta.activation-api\2.1.3\jakarta.activation-api-2.1.3.jar;C:\Users\JAM\.m2\repository\net\minidev\json-smart\2.5.1\json-smart-2.5.1.jar;C:\Users\JAM\.m2\repository\net\minidev\accessors-smart\2.5.1\accessors-smart-2.5.1.jar;C:\Users\JAM\.m2\repository\org\ow2\asm\asm\9.6\asm-9.6.jar;C:\Users\JAM\.m2\repository\org\assertj\assertj-core\3.25.3\assertj-core-3.25.3.jar;C:\Users\JAM\.m2\repository\net\bytebuddy\byte-buddy\1.14.17\byte-buddy-1.14.17.jar;C:\Users\JAM\.m2\repository\org\awaitility\awaitility\4.2.1\awaitility-4.2.1.jar;C:\Users\JAM\.m2\repository\org\hamcrest\hamcrest\2.2\hamcrest-2.2.jar;C:\Users\JAM\.m2\repository\org\junit\jupiter\junit-jupiter\5.10.2\junit-jupiter-5.10.2.jar;C:\Users\JAM\.m2\repository\org\junit\jupiter\junit-jupiter-api\5.10.2\junit-jupiter-api-5.10.2.jar;C:\Users\JAM\.m2\repository\org\opentest4j\opentest4j\1.3.0\opentest4j-1.3.0.jar;C:\Users\JAM\.m2\repository\org\junit\platform\junit-platform-commons\1.10.2\junit-platform-commons-1.10.2.jar;C:\Users\JAM\.m2\repository\org\apiguardian\apiguardian-api\1.1.2\apiguardian-api-1.1.2.jar;C:\Users\JAM\.m2\repository\org\junit\jupiter\junit-jupiter-params\5.10.2\junit-jupiter-params-5.10.2.jar;C:\Users\JAM\.m2\repository\org\junit\jupiter\junit-jupiter-engine\5.10.2\junit-jupiter-engine-5.10.2.jar;C:\Users\JAM\.m2\repository\org\junit\platform\junit-platform-engine\1.10.2\junit-platform-engine-1.10.2.jar;C:\Users\JAM\.m2\repository\org\mockito\mockito-core\5.11.0\mockito-core-5.11.0.jar;C:\Users\JAM\.m2\repository\net\bytebuddy\byte-buddy-agent\1.14.17\byte-buddy-agent-1.14.17.jar;C:\Users\JAM\.m2\repository\org\objenesis\objenesis\3.3\objenesis-3.3.jar;C:\Users\JAM\.m2\repository\org\mockito\mockito-junit-jupiter\5.11.0\mockito-junit-jupiter-5.11.0.jar;C:\Users\JAM\.m2\repository\org\skyscreamer\jsonassert\1.5.1\jsonassert-1.5.1.jar;C:\Users\JAM\.m2\repository\com\vaadin\external\google\android-json\0.0.20131108.vaadin1\android-json-0.0.20131108.vaadin1.jar;C:\Users\JAM\.m2\repository\org\springframework\spring-core\6.1.10\spring-core-6.1.10.jar;C:\Users\JAM\.m2\repository\org\springframework\spring-jcl\6.1.10\spring-jcl-6.1.10.jar;C:\Users\JAM\.m2\repository\org\springframework\spring-test\6.1.10\spring-test-6.1.10.jar;C:\Users\JAM\.m2\repository\org\xmlunit\xmlunit-core\2.9.1\xmlunit-core-2.9.1.jar;C:\Users\JAM\.m2\repository\com\baomidou\mybatis-plus-spring-boot3-starter\3.5.5\mybatis-plus-spring-boot3-starter-3.5.5.jar;C:\Users\JAM\.m2\repository\com\baomidou\mybatis-plus\3.5.5\mybatis-plus-3.5.5.jar;C:\Users\JAM\.m2\repository\com\baomidou\mybatis-plus-core\3.5.5\mybatis-plus-core-3.5.5.jar;C:\Users\JAM\.m2\repository\com\baomidou\mybatis-plus-annotation\3.5.5\mybatis-plus-annotation-3.5.5.jar;C:\Users\JAM\.m2\repository\com\baomidou\mybatis-plus-extension\3.5.5\mybatis-plus-extension-3.5.5.jar;C:\Users\JAM\.m2\repository\org\mybatis\mybatis\3.5.15\mybatis-3.5.15.jar;C:\Users\JAM\.m2\repository\com\github\jsqlparser\jsqlparser\4.6\jsqlparser-4.6.jar;C:\Users\JAM\.m2\repository\org\mybatis\mybatis-spring\3.0.3\mybatis-spring-3.0.3.jar;C:\Users\JAM\.m2\repository\com\baomidou\mybatis-plus-spring-boot-autoconfigure\3.5.5\mybatis-plus-spring-boot-autoconfigure-3.5.5.jar;C:\Users\JAM\.m2\repository\org\springframework\boot\spring-boot-autoconfigure\3.3.1\spring-boot-autoconfigure-3.3.1.jar;C:\Users\JAM\.m2\repository\org\springframework\boot\spring-boot-starter-jdbc\3.3.1\spring-boot-starter-jdbc-3.3.1.jar;C:\Users\JAM\.m2\repository\com\zaxxer\HikariCP\5.1.0\HikariCP-5.1.0.jar;C:\Users\JAM\.m2\repository\org\springframework\spring-jdbc\6.1.10\spring-jdbc-6.1.10.jar;C:\Users\JAM\.m2\repository\org\springframework\spring-tx\6.1.10\spring-tx-6.1.10.jar;C:\Users\JAM\.m2\repository\com\github\yulichang\mybatis-plus-join-boot-starter\1.5.2\mybatis-plus-join-boot-starter-1.5.2.jar;C:\Users\JAM\.m2\repository\com\github\yulichang\mybatis-plus-join-extension\1.5.2\mybatis-plus-join-extension-1.5.2.jar;C:\Users\JAM\.m2\repository\com\github\yulichang\mybatis-plus-join-core\1.5.2\mybatis-plus-join-core-1.5.2.jar;C:\Users\JAM\.m2\repository\com\github\yulichang\mybatis-plus-join-annotation\1.5.2\mybatis-plus-join-annotation-1.5.2.jar;C:\Users\JAM\.m2\repository\com\github\yulichang\mybatis-plus-join-adapter-v312\1.5.2\mybatis-plus-join-adapter-v312-1.5.2.jar;C:\Users\JAM\.m2\repository\com\github\yulichang\mybatis-plus-join-adapter-base\1.5.2\mybatis-plus-join-adapter-base-1.5.2.jar;C:\Users\JAM\.m2\repository\com\github\yulichang\mybatis-plus-join-adapter-jsqlparser\1.5.2\mybatis-plus-join-adapter-jsqlparser-1.5.2.jar;C:\Users\JAM\.m2\repository\com\github\yulichang\mybatis-plus-join-adapter-jsqlparser-v46\1.5.2\mybatis-plus-join-adapter-jsqlparser-v46-1.5.2.jar;C:\Users\JAM\.m2\repository\com\github\yulichang\mybatis-plus-join-adapter-v33x\1.5.2\mybatis-plus-join-adapter-v33x-1.5.2.jar;C:\Users\JAM\.m2\repository\com\github\yulichang\mybatis-plus-join-adapter-v3431\1.5.2\mybatis-plus-join-adapter-v3431-1.5.2.jar;C:\Users\JAM\.m2\repository\com\github\yulichang\mybatis-plus-join-adapter-v352\1.5.2\mybatis-plus-join-adapter-v352-1.5.2.jar;C:\Users\JAM\.m2\repository\com\github\yulichang\mybatis-plus-join-adapter-v355\1.5.2\mybatis-plus-join-adapter-v355-1.5.2.jar;C:\Users\JAM\.m2\repository\com\github\yulichang\mybatis-plus-join-wrapper-ext\1.5.2\mybatis-plus-join-wrapper-ext-1.5.2.jar;C:\Users\JAM\.m2\repository\com\github\jeffreyning\mybatisplus-plus\1.7.4-RELEASE\mybatisplus-plus-1.7.4-RELEASE.jar;C:\Users\JAM\.m2\repository\com\alibaba\druid-spring-boot-starter\1.2.6\druid-spring-boot-starter-1.2.6.jar;C:\Users\JAM\.m2\repository\com\alibaba\druid\1.2.6\druid-1.2.6.jar;C:\Users\JAM\.m2\repository\org\slf4j\slf4j-api\2.0.13\slf4j-api-2.0.13.jar;C:\Users\JAM\.m2\repository\io\jsonwebtoken\jjwt-api\0.11.5\jjwt-api-0.11.5.jar;C:\Users\JAM\.m2\repository\io\jsonwebtoken\jjwt-impl\0.11.5\jjwt-impl-0.11.5.jar;C:\Users\JAM\.m2\repository\io\jsonwebtoken\jjwt-jackson\0.11.5\jjwt-jackson-0.11.5.jar;C:\Users\JAM\.m2\repository\com\fasterxml\jackson\core\jackson-databind\2.17.1\jackson-databind-2.17.1.jar;C:\Users\JAM\.m2\repository\com\fasterxml\jackson\core\jackson-annotations\2.17.1\jackson-annotations-2.17.1.jar;C:\Users\JAM\.m2\repository\com\fasterxml\jackson\core\jackson-core\2.17.1\jackson-core-2.17.1.jar;"/>
    <property name="java.vm.vendor" value="Oracle Corporation"/>
    <property name="sun.arch.data.model" value="64"/>
    <property name="user.variant" value=""/>
    <property name="java.vendor.url" value="https://java.oracle.com/"/>
    <property name="user.timezone" value="Asia/Shanghai"/>
    <property name="os.name" value="Windows 11"/>
    <property name="java.vm.specification.version" value="23"/>
    <property name="sun.java.launcher" value="SUN_STANDARD"/>
    <property name="user.country" value="CN"/>
    <property name="sun.boot.library.path" value="C:\Users\JAM\.jdks\openjdk-23.0.1\bin"/>
    <property name="sun.java.command" value="C:\Users\JAM\AppData\Local\Temp\surefire10102382737852661328\surefirebooter-20241122180512647_3.jar C:\Users\JAM\AppData\Local\Temp\surefire10102382737852661328 2024-11-22T18-05-09_747-jvmRun1 surefire-20241122180512647_1tmp surefire_0-20241122180512647_2tmp"/>
    <property name="jdk.debug" value="release"/>
    <property name="surefire.test.class.path" value="C:\Users\JAM\IdeaProjects\EducationManagementSystem\target\test-classes;C:\Users\JAM\IdeaProjects\EducationManagementSystem\target\classes;C:\Users\JAM\.m2\repository\org\springframework\boot\spring-boot-starter-web\3.3.1\spring-boot-starter-web-3.3.1.jar;C:\Users\JAM\.m2\repository\org\springframework\boot\spring-boot-starter\3.3.1\spring-boot-starter-3.3.1.jar;C:\Users\JAM\.m2\repository\org\springframework\boot\spring-boot\3.3.1\spring-boot-3.3.1.jar;C:\Users\JAM\.m2\repository\org\springframework\boot\spring-boot-starter-logging\3.3.1\spring-boot-starter-logging-3.3.1.jar;C:\Users\JAM\.m2\repository\ch\qos\logback\logback-classic\1.5.6\logback-classic-1.5.6.jar;C:\Users\JAM\.m2\repository\ch\qos\logback\logback-core\1.5.6\logback-core-1.5.6.jar;C:\Users\JAM\.m2\repository\org\apache\logging\log4j\log4j-to-slf4j\2.23.1\log4j-to-slf4j-2.23.1.jar;C:\Users\JAM\.m2\repository\org\apache\logging\log4j\log4j-api\2.23.1\log4j-api-2.23.1.jar;C:\Users\JAM\.m2\repository\org\slf4j\jul-to-slf4j\2.0.13\jul-to-slf4j-2.0.13.jar;C:\Users\JAM\.m2\repository\jakarta\annotation\jakarta.annotation-api\2.1.1\jakarta.annotation-api-2.1.1.jar;C:\Users\JAM\.m2\repository\org\yaml\snakeyaml\2.2\snakeyaml-2.2.jar;C:\Users\JAM\.m2\repository\org\springframework\boot\spring-boot-starter-json\3.3.1\spring-boot-starter-json-3.3.1.jar;C:\Users\JAM\.m2\repository\com\fasterxml\jackson\datatype\jackson-datatype-jdk8\2.17.1\jackson-datatype-jdk8-2.17.1.jar;C:\Users\JAM\.m2\repository\com\fasterxml\jackson\datatype\jackson-datatype-jsr310\2.17.1\jackson-datatype-jsr310-2.17.1.jar;C:\Users\JAM\.m2\repository\com\fasterxml\jackson\module\jackson-module-parameter-names\2.17.1\jackson-module-parameter-names-2.17.1.jar;C:\Users\JAM\.m2\repository\org\springframework\boot\spring-boot-starter-tomcat\3.3.1\spring-boot-starter-tomcat-3.3.1.jar;C:\Users\JAM\.m2\repository\org\apache\tomcat\embed\tomcat-embed-core\10.1.25\tomcat-embed-core-10.1.25.jar;C:\Users\JAM\.m2\repository\org\apache\tomcat\embed\tomcat-embed-el\10.1.25\tomcat-embed-el-10.1.25.jar;C:\Users\JAM\.m2\repository\org\apache\tomcat\embed\tomcat-embed-websocket\10.1.25\tomcat-embed-websocket-10.1.25.jar;C:\Users\JAM\.m2\repository\org\springframework\spring-web\6.1.10\spring-web-6.1.10.jar;C:\Users\JAM\.m2\repository\org\springframework\spring-beans\6.1.10\spring-beans-6.1.10.jar;C:\Users\JAM\.m2\repository\io\micrometer\micrometer-observation\1.13.1\micrometer-observation-1.13.1.jar;C:\Users\JAM\.m2\repository\io\micrometer\micrometer-commons\1.13.1\micrometer-commons-1.13.1.jar;C:\Users\JAM\.m2\repository\org\springframework\spring-webmvc\6.1.10\spring-webmvc-6.1.10.jar;C:\Users\JAM\.m2\repository\org\springframework\spring-context\6.1.10\spring-context-6.1.10.jar;C:\Users\JAM\.m2\repository\org\springframework\spring-expression\6.1.10\spring-expression-6.1.10.jar;C:\Users\JAM\.m2\repository\org\springframework\boot\spring-boot-starter-security\3.3.1\spring-boot-starter-security-3.3.1.jar;C:\Users\JAM\.m2\repository\org\springframework\spring-aop\6.1.10\spring-aop-6.1.10.jar;C:\Users\JAM\.m2\repository\org\springframework\security\spring-security-config\6.3.1\spring-security-config-6.3.1.jar;C:\Users\JAM\.m2\repository\org\springframework\security\spring-security-core\6.3.1\spring-security-core-6.3.1.jar;C:\Users\JAM\.m2\repository\org\springframework\security\spring-security-crypto\6.3.1\spring-security-crypto-6.3.1.jar;C:\Users\JAM\.m2\repository\org\springframework\security\spring-security-web\6.3.1\spring-security-web-6.3.1.jar;C:\Users\JAM\.m2\repository\com\mysql\mysql-connector-j\8.3.0\mysql-connector-j-8.3.0.jar;C:\Users\JAM\.m2\repository\org\projectlombok\lombok\1.18.32\lombok-1.18.32.jar;C:\Users\JAM\.m2\repository\org\springframework\boot\spring-boot-starter-test\3.3.1\spring-boot-starter-test-3.3.1.jar;C:\Users\JAM\.m2\repository\org\springframework\boot\spring-boot-test\3.3.1\spring-boot-test-3.3.1.jar;C:\Users\JAM\.m2\repository\org\springframework\boot\spring-boot-test-autoconfigure\3.3.1\spring-boot-test-autoconfigure-3.3.1.jar;C:\Users\JAM\.m2\repository\com\jayway\jsonpath\json-path\2.9.0\json-path-2.9.0.jar;C:\Users\JAM\.m2\repository\jakarta\xml\bind\jakarta.xml.bind-api\4.0.2\jakarta.xml.bind-api-4.0.2.jar;C:\Users\JAM\.m2\repository\jakarta\activation\jakarta.activation-api\2.1.3\jakarta.activation-api-2.1.3.jar;C:\Users\JAM\.m2\repository\net\minidev\json-smart\2.5.1\json-smart-2.5.1.jar;C:\Users\JAM\.m2\repository\net\minidev\accessors-smart\2.5.1\accessors-smart-2.5.1.jar;C:\Users\JAM\.m2\repository\org\ow2\asm\asm\9.6\asm-9.6.jar;C:\Users\JAM\.m2\repository\org\assertj\assertj-core\3.25.3\assertj-core-3.25.3.jar;C:\Users\JAM\.m2\repository\net\bytebuddy\byte-buddy\1.14.17\byte-buddy-1.14.17.jar;C:\Users\JAM\.m2\repository\org\awaitility\awaitility\4.2.1\awaitility-4.2.1.jar;C:\Users\JAM\.m2\repository\org\hamcrest\hamcrest\2.2\hamcrest-2.2.jar;C:\Users\JAM\.m2\repository\org\junit\jupiter\junit-jupiter\5.10.2\junit-jupiter-5.10.2.jar;C:\Users\JAM\.m2\repository\org\junit\jupiter\junit-jupiter-api\5.10.2\junit-jupiter-api-5.10.2.jar;C:\Users\JAM\.m2\repository\org\opentest4j\opentest4j\1.3.0\opentest4j-1.3.0.jar;C:\Users\JAM\.m2\repository\org\junit\platform\junit-platform-commons\1.10.2\junit-platform-commons-1.10.2.jar;C:\Users\JAM\.m2\repository\org\apiguardian\apiguardian-api\1.1.2\apiguardian-api-1.1.2.jar;C:\Users\JAM\.m2\repository\org\junit\jupiter\junit-jupiter-params\5.10.2\junit-jupiter-params-5.10.2.jar;C:\Users\JAM\.m2\repository\org\junit\jupiter\junit-jupiter-engine\5.10.2\junit-jupiter-engine-5.10.2.jar;C:\Users\JAM\.m2\repository\org\junit\platform\junit-platform-engine\1.10.2\junit-platform-engine-1.10.2.jar;C:\Users\JAM\.m2\repository\org\mockito\mockito-core\5.11.0\mockito-core-5.11.0.jar;C:\Users\JAM\.m2\repository\net\bytebuddy\byte-buddy-agent\1.14.17\byte-buddy-agent-1.14.17.jar;C:\Users\JAM\.m2\repository\org\objenesis\objenesis\3.3\objenesis-3.3.jar;C:\Users\JAM\.m2\repository\org\mockito\mockito-junit-jupiter\5.11.0\mockito-junit-jupiter-5.11.0.jar;C:\Users\JAM\.m2\repository\org\skyscreamer\jsonassert\1.5.1\jsonassert-1.5.1.jar;C:\Users\JAM\.m2\repository\com\vaadin\external\google\android-json\0.0.20131108.vaadin1\android-json-0.0.20131108.vaadin1.jar;C:\Users\JAM\.m2\repository\org\springframework\spring-core\6.1.10\spring-core-6.1.10.jar;C:\Users\JAM\.m2\repository\org\springframework\spring-jcl\6.1.10\spring-jcl-6.1.10.jar;C:\Users\JAM\.m2\repository\org\springframework\spring-test\6.1.10\spring-test-6.1.10.jar;C:\Users\JAM\.m2\repository\org\xmlunit\xmlunit-core\2.9.1\xmlunit-core-2.9.1.jar;C:\Users\JAM\.m2\repository\com\baomidou\mybatis-plus-spring-boot3-starter\3.5.5\mybatis-plus-spring-boot3-starter-3.5.5.jar;C:\Users\JAM\.m2\repository\com\baomidou\mybatis-plus\3.5.5\mybatis-plus-3.5.5.jar;C:\Users\JAM\.m2\repository\com\baomidou\mybatis-plus-core\3.5.5\mybatis-plus-core-3.5.5.jar;C:\Users\JAM\.m2\repository\com\baomidou\mybatis-plus-annotation\3.5.5\mybatis-plus-annotation-3.5.5.jar;C:\Users\JAM\.m2\repository\com\baomidou\mybatis-plus-extension\3.5.5\mybatis-plus-extension-3.5.5.jar;C:\Users\JAM\.m2\repository\org\mybatis\mybatis\3.5.15\mybatis-3.5.15.jar;C:\Users\JAM\.m2\repository\com\github\jsqlparser\jsqlparser\4.6\jsqlparser-4.6.jar;C:\Users\JAM\.m2\repository\org\mybatis\mybatis-spring\3.0.3\mybatis-spring-3.0.3.jar;C:\Users\JAM\.m2\repository\com\baomidou\mybatis-plus-spring-boot-autoconfigure\3.5.5\mybatis-plus-spring-boot-autoconfigure-3.5.5.jar;C:\Users\JAM\.m2\repository\org\springframework\boot\spring-boot-autoconfigure\3.3.1\spring-boot-autoconfigure-3.3.1.jar;C:\Users\JAM\.m2\repository\org\springframework\boot\spring-boot-starter-jdbc\3.3.1\spring-boot-starter-jdbc-3.3.1.jar;C:\Users\JAM\.m2\repository\com\zaxxer\HikariCP\5.1.0\HikariCP-5.1.0.jar;C:\Users\JAM\.m2\repository\org\springframework\spring-jdbc\6.1.10\spring-jdbc-6.1.10.jar;C:\Users\JAM\.m2\repository\org\springframework\spring-tx\6.1.10\spring-tx-6.1.10.jar;C:\Users\JAM\.m2\repository\com\github\yulichang\mybatis-plus-join-boot-starter\1.5.2\mybatis-plus-join-boot-starter-1.5.2.jar;C:\Users\JAM\.m2\repository\com\github\yulichang\mybatis-plus-join-extension\1.5.2\mybatis-plus-join-extension-1.5.2.jar;C:\Users\JAM\.m2\repository\com\github\yulichang\mybatis-plus-join-core\1.5.2\mybatis-plus-join-core-1.5.2.jar;C:\Users\JAM\.m2\repository\com\github\yulichang\mybatis-plus-join-annotation\1.5.2\mybatis-plus-join-annotation-1.5.2.jar;C:\Users\JAM\.m2\repository\com\github\yulichang\mybatis-plus-join-adapter-v312\1.5.2\mybatis-plus-join-adapter-v312-1.5.2.jar;C:\Users\JAM\.m2\repository\com\github\yulichang\mybatis-plus-join-adapter-base\1.5.2\mybatis-plus-join-adapter-base-1.5.2.jar;C:\Users\JAM\.m2\repository\com\github\yulichang\mybatis-plus-join-adapter-jsqlparser\1.5.2\mybatis-plus-join-adapter-jsqlparser-1.5.2.jar;C:\Users\JAM\.m2\repository\com\github\yulichang\mybatis-plus-join-adapter-jsqlparser-v46\1.5.2\mybatis-plus-join-adapter-jsqlparser-v46-1.5.2.jar;C:\Users\JAM\.m2\repository\com\github\yulichang\mybatis-plus-join-adapter-v33x\1.5.2\mybatis-plus-join-adapter-v33x-1.5.2.jar;C:\Users\JAM\.m2\repository\com\github\yulichang\mybatis-plus-join-adapter-v3431\1.5.2\mybatis-plus-join-adapter-v3431-1.5.2.jar;C:\Users\JAM\.m2\repository\com\github\yulichang\mybatis-plus-join-adapter-v352\1.5.2\mybatis-plus-join-adapter-v352-1.5.2.jar;C:\Users\JAM\.m2\repository\com\github\yulichang\mybatis-plus-join-adapter-v355\1.5.2\mybatis-plus-join-adapter-v355-1.5.2.jar;C:\Users\JAM\.m2\repository\com\github\yulichang\mybatis-plus-join-wrapper-ext\1.5.2\mybatis-plus-join-wrapper-ext-1.5.2.jar;C:\Users\JAM\.m2\repository\com\github\jeffreyning\mybatisplus-plus\1.7.4-RELEASE\mybatisplus-plus-1.7.4-RELEASE.jar;C:\Users\JAM\.m2\repository\com\alibaba\druid-spring-boot-starter\1.2.6\druid-spring-boot-starter-1.2.6.jar;C:\Users\JAM\.m2\repository\com\alibaba\druid\1.2.6\druid-1.2.6.jar;C:\Users\JAM\.m2\repository\org\slf4j\slf4j-api\2.0.13\slf4j-api-2.0.13.jar;C:\Users\JAM\.m2\repository\io\jsonwebtoken\jjwt-api\0.11.5\jjwt-api-0.11.5.jar;C:\Users\JAM\.m2\repository\io\jsonwebtoken\jjwt-impl\0.11.5\jjwt-impl-0.11.5.jar;C:\Users\JAM\.m2\repository\io\jsonwebtoken\jjwt-jackson\0.11.5\jjwt-jackson-0.11.5.jar;C:\Users\JAM\.m2\repository\com\fasterxml\jackson\core\jackson-databind\2.17.1\jackson-databind-2.17.1.jar;C:\Users\JAM\.m2\repository\com\fasterxml\jackson\core\jackson-annotations\2.17.1\jackson-annotations-2.17.1.jar;C:\Users\JAM\.m2\repository\com\fasterxml\jackson\core\jackson-core\2.17.1\jackson-core-2.17.1.jar;"/>
    <property name="sun.cpu.endian" value="little"/>
    <property name="user.home" value="C:\Users\JAM"/>
    <property name="user.language" value="zh"/>
    <property name="java.specification.vendor" value="Oracle Corporation"/>
    <property name="java.version.date" value="2024-10-15"/>
    <property name="java.home" value="C:\Users\JAM\.jdks\openjdk-23.0.1"/>
    <property name="file.separator" value="\"/>
    <property name="basedir" value="C:\Users\JAM\IdeaProjects\EducationManagementSystem"/>
    <property name="java.vm.compressedOopsMode" value="Zero based"/>
    <property name="line.separator" value="&#10;"/>
    <property name="java.vm.specification.vendor" value="Oracle Corporation"/>
    <property name="java.specification.name" value="Java Platform API Specification"/>
    <property name="FILE_LOG_CHARSET" value="UTF-8"/>
    <property name="java.awt.headless" value="true"/>
    <property name="surefire.real.class.path" value="C:\Users\JAM\AppData\Local\Temp\surefire10102382737852661328\surefirebooter-20241122180512647_3.jar"/>
    <property name="user.script" value=""/>
    <property name="sun.management.compiler" value="HotSpot 64-Bit Tiered Compilers"/>
    <property name="java.runtime.version" value="23.0.1+11-39"/>
    <property name="user.name" value="JAM"/>
    <property name="stdout.encoding" value="UTF-8"/>
    <property name="path.separator" value=";"/>
    <property name="os.version" value="10.0"/>
    <property name="java.runtime.name" value="OpenJDK Runtime Environment"/>
    <property name="file.encoding" value="UTF-8"/>
    <property name="java.vm.name" value="OpenJDK 64-Bit Server VM"/>
    <property name="localRepository" value="C:\Users\JAM\.m2\repository"/>
    <property name="java.vendor.url.bug" value="https://bugreport.java.com/bugreport/"/>
    <property name="java.io.tmpdir" value="C:\Users\JAM\AppData\Local\Temp\"/>
    <property name="idea.version" value="2024.1.2"/>
    <property name="java.version" value="23.0.1"/>
    <property name="user.dir" value="C:\Users\JAM\IdeaProjects\EducationManagementSystem"/>
    <property name="os.arch" value="amd64"/>
    <property name="java.vm.specification.name" value="Java Virtual Machine Specification"/>
    <property name="PID" value="62888"/>
    <property name="sun.os.patch.level" value=""/>
    <property name="CONSOLE_LOG_CHARSET" value="UTF-8"/>
    <property name="native.encoding" value="UTF-8"/>
    <property name="java.library.path" value="C:\Users\JAM\.jdks\openjdk-23.0.1\bin;C:\WINDOWS\Sun\Java\bin;C:\WINDOWS\system32;C:\WINDOWS;C:\Program Files\Common Files\Oracle\Java\javapath;C:\Users\JAM\AppData\Local\ActiveState\StateTool\release\bin;E:\Program Files (x86)\VMware\VMware Workstation\bin\;F:\gurobi1102\win64\bin;C:\Program Files\PlasticSCM5\server;C:\Program Files\PlasticSCM5\client;C:\ProgramData\Oracle\Java\javapath;C:\Windows\system32;C:\Windows;C:\Windows\System32\Wbem;C:\Windows\System32\WindowsPowerShell\v1.0\;C:\Windows\System32\OpenSSH\;C:\Program Files (x86)\NVIDIA Corporation\PhysX\Common;C:\WINDOWS\system32;C:\WINDOWS;C:\WINDOWS\System32\Wbem;C:\WINDOWS\System32\WindowsPowerShell\v1.0\;C:\WINDOWS\System32\OpenSSH\;C:\Program Files\dotnet\;F:\Program Files\MATLAB\R2022a\runtime\win64;F:\Program Files\MATLAB\R2022a\bin;G:\Program Files\nodejs\;C:\Users\JAM\Documents\x86_64-8.1.0-release-win32-seh-rt_v6-rev0\mingw64\bin;F:\Program Files\Graphviz\bin;C:\Program Files\python;C:\Program Files\python\Scripts;F:\BtSoft\panel\script;F:\Program Files (x86)\Tencent\微信web开发者工具\dll;C:\Pro;ram Files\NVIDIA Corporation\NVIDIA app\NvDLISR;E:\githubProject\platform-tools-latest-windows\platform-tools\;F:\Git\cmd;C:\Program Files\NVIDIA Corporation\NVIDIA app\NvDLISR;E:\metasploit-framework\bin\;C:\Program Files\Microsoft SQL Server\150\Tools\Binn\;C:\Program Files\Microsoft SQL Server\Client SDK\ODBC\170\Tools\Binn\;C:\Users\JAM\AppData\Local\activestate\cache\bin;C:\Program Files\MySQL\MySQL Shell 8.0\bin\;C:\Users\JAM\anaconda3;C:\Users\JAM\anaconda3\Library\mingw-w64\bin;C:\Users\JAM\anaconda3\Library\usr\bin;C:\Users\JAM\anaconda3\Library\bin;C:\Users\JAM\anaconda3\Scripts;F:\Users\JAM\miniconda3;F:\Users\JAM\miniconda3\Library\mingw-w64\bin;F:\Users\JAM\miniconda3\Library\usr\bin;F:\Users\JAM\miniconda3\Library\bin;F:\Users\JAM\miniconda3\Scripts;C:\Users\JAM\AppData\Local\Programs\Python\Python36\Scripts\;C:\Users\JAM\AppData\Local\Programs\Python\Python36\;C:\Users\JAM\AppData\Local\Programs\Python\Python39\Scripts\;C:\Users\JAM\AppData\Local\Programs\Python\Python39\;C:\Users\JAM\AppData\Local\Programs\Python\Python311\Scripts\;C:\Users\JAM\AppData\Local\Programs\Python\Python311\;C:\Users\JAM\AppData\Local\Microsoft\WindowsApps;C:\Users\JAM\AppData\Local\Programs\Microsoft VS Code\bin;G:\Program Files\JetBrains\PyCharm Community Edition 2024.2.4\bin;F:\Program Files\JetBrains\IntelliJ IDEA Community Edition 2021.2.2\bin;C:\Users\JAM\AppData\Local\GitHubDesktop\bin;C:\Users\JAM\AppData\Roaming\npm;C:\Users\JAM\AppData\Roaming\Python\Python38\Scripts\;C:\Users\JAM\AppData\Roaming\Python\Python38\;C:\Users\JAM\.dotnet\tools;%HOME%\pip\pip.ini;E:\Program Files\Tesseract-OCR\;G:\Program Files\JetBrains\PyCharm 2024.1.2\bin;E:\Users\JAM\AppData\Local\Programs\Fiddler;F:\Program Files\JetBrains\IntelliJ IDEA Community Edition 2024.2.4\bin;F:\Program Files\JetBrains\IntelliJ IDEA 2024.1.2\bin;D:\Program Files (x86)\Nmap;E:\githubProject\nikto\program;D:\360AI浏览器下载\thc-hydra-windows-master\thc-hydra-windows-master;E:\metasploit-framework;G:\Program Files\JetBrains\PyCharm 2024.1.2\bin;;."/>
    <property name="java.vm.info" value="mixed mode, sharing"/>
    <property name="stderr.encoding" value="UTF-8"/>
    <property name="java.vendor" value="Oracle Corporation"/>
    <property name="java.vm.version" value="23.0.1+11-39"/>
    <property name="sun.io.unicode.encoding" value="UnicodeLittle"/>
    <property name="java.class.version" value="67.0"/>
    <property name="LOGGED_APPLICATION_NAME" value="[EducationManagementSystem] "/>
  </properties>
  <testcase name="contextLoads" classname="com.example.educationmanagementsystem.EducationManagementSystemApplicationTests" time="0.906">
    <system-out><![CDATA[18:05:13.743 [main] INFO org.springframework.test.context.support.AnnotationConfigContextLoaderUtils -- Could not detect default configuration classes for test class [com.example.educationmanagementsystem.EducationManagementSystemApplicationTests]: EducationManagementSystemApplicationTests does not declare any static, non-private, non-final, nested classes annotated with @Configuration.
18:05:13.863 [main] INFO org.springframework.boot.test.context.SpringBootTestContextBootstrapper -- Found @SpringBootConfiguration com.example.educationmanagementsystem.EducationManagementSystemApplication for test class com.example.educationmanagementsystem.EducationManagementSystemApplicationTests

  .   ____          _            __ _ _
 /\\ / ___'_ __ _ _(_)_ __  __ _ \ \ \ \
( ( )\___ | '_ | '_| | '_ \/ _` | \ \ \ \
 \\/  ___)| |_)| | | | | || (_| |  ) ) ) )
  '  |____| .__|_| |_|_| |_\__, | / / / /
 =========|_|==============|___/=/_/_/_/

 :: Spring Boot ::                (v3.3.1)

2024-11-22T18:05:14.392+08:00  INFO 62888 --- [EducationManagementSystem] [           main] ducationManagementSystemApplicationTests : Starting EducationManagementSystemApplicationTests using Java 23.0.1 with PID 62888 (started by JAM in C:\Users\JAM\IdeaProjects\EducationManagementSystem)
2024-11-22T18:05:14.393+08:00  INFO 62888 --- [EducationManagementSystem] [           main] ducationManagementSystemApplicationTests : No active profile set, falling back to 1 default profile: "default"
2024-11-22T18:05:15.624+08:00  INFO 62888 --- [EducationManagementSystem] [           main] c.g.y.a.MybatisPlusJoinAutoConfiguration : MPJ SqlSessionFactory bean definition: sqlSessionFactory factoryBeanName: com.baomidou.mybatisplus.autoconfigure.MybatisPlusAutoConfiguration factoryMethodName: sqlSessionFactory source: com.baomidou.mybatisplus.autoconfigure.MybatisPlusAutoConfiguration.sqlSessionFactory(javax.sql.DataSource)
2024-11-22T18:05:15.755+08:00  INFO 62888 --- [EducationManagementSystem] [           main] c.g.y.a.MybatisPlusJoinAutoConfiguration : mybatis plus join properties config complete
2024-11-22T18:05:15.928+08:00  INFO 62888 --- [EducationManagementSystem] [           main] c.g.y.a.MybatisPlusJoinAutoConfiguration : mybatis plus join SqlInjector init
2024-11-22T18:05:16.279+08:00  WARN 62888 --- [EducationManagementSystem] [           main] c.b.m.core.metadata.TableInfoHelper      : Can not find table primary key in Class: "com.example.educationmanagementsystem.domain.Learning".
2024-11-22T18:05:16.279+08:00  WARN 62888 --- [EducationManagementSystem] [           main] c.g.yulichang.injector.MPJSqlInjector    : class com.example.educationmanagementsystem.domain.Learning ,Not found @TableId annotation, Cannot use Mybatis-Plus 'xxById' Method.
2024-11-22T18:05:16.512+08:00  WARN 62888 --- [EducationManagementSystem] [           main] c.b.m.core.metadata.TableInfoHelper      : Can not find table primary key in Class: "com.example.educationmanagementsystem.domain.Teaching".
2024-11-22T18:05:16.512+08:00  WARN 62888 --- [EducationManagementSystem] [           main] c.g.yulichang.injector.MPJSqlInjector    : class com.example.educationmanagementsystem.domain.Teaching ,Not found @TableId annotation, Cannot use Mybatis-Plus 'xxById' Method.
 _ _   |_  _ _|_. ___ _ |    _ 
| | |\/|_)(_| | |_\  |_)||_|_\ 
     /               |         
                        3.5.5 
2024-11-22T18:05:16.771+08:00  INFO 62888 --- [EducationManagementSystem] [           main] r$InitializeUserDetailsManagerConfigurer : Global AuthenticationManager configured with UserDetailsService bean with name customUserDetailsService
 _ _   |_  _ _|_. ___ _ |    _  .  _  .  _  
| | |\/|_)(_| | |_\  |_)||_|_\  | (_) | | | 
     /               |          /
                                    1.5.2
2024-11-22T18:05:17.956+08:00  INFO 62888 --- [EducationManagementSystem] [           main] ducationManagementSystemApplicationTests : Started EducationManagementSystemApplicationTests in 3.902 seconds (process running for 4.937)
]]></system-out>
    <system-err><![CDATA[WARNING: A Java agent has been loaded dynamically (C:\Users\JAM\.m2\repository\net\bytebuddy\byte-buddy-agent\1.14.17\byte-buddy-agent-1.14.17.jar)
WARNING: If a serviceability tool is in use, please run with -XX:+EnableDynamicAgentLoading to hide this warning
WARNING: If a serviceability tool is not in use, please run with -Djdk.instrument.traceUsage for more information
WARNING: Dynamic loading of agents will be disallowed by default in a future release
]]></system-err>
  </testcase>
</testsuite>